<?xml version="1.0" encoding="UTF-8"?>
<!-- Generated by org.testng.reporters.JUnitXMLReporter -->
<testsuite hostname="LAPTOP-2JQA28IF" ignored="0" name="ChromeTest(failed)(failed)" tests="1" failures="1" timestamp="2022-04-13T12:45:38 IST" time="10.462" errors="0">
  <testcase name="verifyLogoutFunctionality" time="0.301" classname="com.sauceDemo.TestClasses.TC03LogoutFunctionality">
    <failure type="org.junit.ComparisonFailure" message="expected:&amp;lt;S[wa]g Labs&amp;gt; but was:&amp;lt;S[aw]g Labs&amp;gt;">
      <![CDATA[org.junit.ComparisonFailure: expected:<S[wa]g Labs> but was:<S[aw]g Labs>
at org.junit.Assert.assertEquals(Assert.java:115)
at org.junit.Assert.assertEquals(Assert.java:144)
at com.sauceDemo.TestClasses.TC03LogoutFunctionality.verifyLogoutFunctionality(TC03LogoutFunctionality.java:25)
at java.util.concurrent.ThreadPoolExecutor.runWorker(Unknown Source)
at java.util.concurrent.ThreadPoolExecutor$Worker.run(Unknown Source)
at java.lang.Thread.run(Unknown Source)
... Removed 12 stack frames]]>
    </failure>
  </testcase> <!-- verifyLogoutFunctionality -->
</testsuite> <!-- ChromeTest(failed)(failed) -->
