<?xml version="1.0" encoding="UTF-8"?>
<!-- Generated by org.testng.reporters.JUnitXMLReporter -->
<testsuite hostname="LAPTOP-2JQA28IF" ignored="0" name="ChromeTest" tests="4" failures="0" timestamp="2022-04-14T16:11:57 IST" time="9.495" errors="0">
  <testcase name="verifyAddToCartFunctionality" time="0.153" classname="com.sauceDemo.TestClasses.TC02AddToCartFunctinalitySingleProduct"/>
  <testcase name="verifyLoginFunctionality" time="0.517" classname="com.sauceDemo.TestClasses.TC01LoginFunctionality"/>
  <testcase name="verifyLogoutFunctionality" time="0.474" classname="com.sauceDemo.TestClasses.TC03LogoutFunctionality"/>
  <testcase name="verifyAddToCartfunctionalityMultipleProduct" time="1.136" classname="com.sauceDemo.TestClasses.TC04AddToCartFunctionalityMultipleProduct"/>
</testsuite> <!-- ChromeTest -->
