<?xml version="1.0" encoding="UTF-8"?>
<!-- Generated by org.testng.reporters.JUnitXMLReporter -->
<testsuite hostname="LAPTOP-2JQA28IF" ignored="0" name="Firefoxtest" tests="4" failures="0" timestamp="2022-04-14T16:11:48 IST" time="26.945" errors="0">
  <testcase name="verifyAddToCartFunctionality" time="0.307" classname="com.sauceDemo.TestClasses.TC02AddToCartFunctinalitySingleProduct"/>
  <testcase name="verifyLoginFunctionality" time="1.238" classname="com.sauceDemo.TestClasses.TC01LoginFunctionality"/>
  <testcase name="verifyLogoutFunctionality" time="1.276" classname="com.sauceDemo.TestClasses.TC03LogoutFunctionality"/>
  <testcase name="verifyAddToCartfunctionalityMultipleProduct" time="2.269" classname="com.sauceDemo.TestClasses.TC04AddToCartFunctionalityMultipleProduct"/>
</testsuite> <!-- Firefoxtest -->
