<?xml version="1.0" encoding="UTF-8"?>
<!-- Generated by org.testng.reporters.JUnitXMLReporter -->
<testsuite hostname="LAPTOP-2JQA28IF" ignored="0" name="ChromeTest" tests="4" failures="0" timestamp="2022-04-13T12:48:27 IST" time="16.994" errors="0">
  <testcase name="verifyLogoutFunctionality" time="0.348" classname="com.sauceDemo.TestClasses.TC03LogoutFunctionality"/>
  <testcase name="verifyAddToCartFunctionality" time="0.113" classname="com.sauceDemo.TestClasses.TC02AddToCartFunctinalitySingleProduct"/>
  <testcase name="verifyLoginFunctionality" time="0.459" classname="com.sauceDemo.TestClasses.TC01LoginFunctionality"/>
  <testcase name="verifyAddToCartfunctionalityMultipleProduct" time="0.728" classname="com.sauceDemo.TestClasses.TC04AddToCartFunctionalityMultipleProduct"/>
</testsuite> <!-- ChromeTest -->
