<?xml version="1.0" encoding="UTF-8"?>
<!-- Generated by org.testng.reporters.JUnitXMLReporter -->
<testsuite hostname="LAPTOP-2JQA28IF" ignored="0" name="Firefoxtest" tests="4" failures="0" timestamp="2022-04-13T12:49:00 IST" time="33.618" errors="0">
  <testcase name="verifyLogoutFunctionality" time="0.723" classname="com.sauceDemo.TestClasses.TC03LogoutFunctionality"/>
  <testcase name="verifyAddToCartfunctionalityMultipleProduct" time="2.133" classname="com.sauceDemo.TestClasses.TC04AddToCartFunctionalityMultipleProduct"/>
  <testcase name="verifyAddToCartFunctionality" time="0.255" classname="com.sauceDemo.TestClasses.TC02AddToCartFunctinalitySingleProduct"/>
  <testcase name="verifyLoginFunctionality" time="0.624" classname="com.sauceDemo.TestClasses.TC01LoginFunctionality"/>
</testsuite> <!-- Firefoxtest -->
