<?xml version="1.0" encoding="UTF-8"?>
<!-- Generated by org.testng.reporters.JUnitXMLReporter -->
<testsuite hostname="LAPTOP-2JQA28IF" ignored="0" name="Test" tests="4" failures="0" timestamp="2022-04-09T18:27:49 IST" time="25.062" errors="0">
  <testcase name="verifyLogoutFunctionality" time="0.259" classname="com.sauceDemo.TestClasses.TC03LogoutFunctionality"/>
  <testcase name="verifyLoginFunctionality" time="0.231" classname="com.sauceDemo.TestClasses.TC01LoginFunctionality"/>
  <testcase name="verifyAddToCartfunctionalityMultipleProduct" time="0.427" classname="com.sauceDemo.TestClasses.TC04AddToCartFunctionalityMultipleProduct"/>
  <testcase name="verifyAddToCartFunctionality" time="0.059" classname="com.sauceDemo.TestClasses.TC02AddToCartFunctinalitySingleProduct"/>
</testsuite> <!-- Test -->
