<?xml version="1.0" encoding="UTF-8"?>
<!-- Generated by org.testng.reporters.JUnitXMLReporter -->
<testsuite hostname="LAPTOP-2JQA28IF" ignored="0" name="ChromeTest" tests="4" failures="0" timestamp="2022-04-17T11:48:50 IST" time="17.669" errors="0">
  <testcase name="verifyLogoutFunctionality" time="0.324" classname="com.sauceDemo.TestClasses.TC03LogoutFunctionality"/>
  <testcase name="verifyLoginFunctionality" time="0.348" classname="com.sauceDemo.TestClasses.TC01LoginFunctionality"/>
  <testcase name="verifyAddToCartfunctionalityMultipleProduct" time="0.822" classname="com.sauceDemo.TestClasses.TC04AddToCartFunctionalityMultipleProduct"/>
  <testcase name="verifyAddToCartFunctionality" time="0.101" classname="com.sauceDemo.TestClasses.TC02AddToCartFunctinalitySingleProduct"/>
</testsuite> <!-- ChromeTest -->
