<?xml version="1.0" encoding="UTF-8"?>
<!-- Generated by org.testng.reporters.JUnitXMLReporter -->
<testsuite hostname="LAPTOP-2JQA28IF" ignored="0" name="Firefoxtest" tests="4" failures="0" timestamp="2022-04-17T11:48:33 IST" time="34.965" errors="0">
  <testcase name="verifyLogoutFunctionality" time="0.74" classname="com.sauceDemo.TestClasses.TC03LogoutFunctionality"/>
  <testcase name="verifyLoginFunctionality" time="0.703" classname="com.sauceDemo.TestClasses.TC01LoginFunctionality"/>
  <testcase name="verifyAddToCartfunctionalityMultipleProduct" time="2.278" classname="com.sauceDemo.TestClasses.TC04AddToCartFunctionalityMultipleProduct"/>
  <testcase name="verifyAddToCartFunctionality" time="0.28" classname="com.sauceDemo.TestClasses.TC02AddToCartFunctinalitySingleProduct"/>
</testsuite> <!-- Firefoxtest -->
