<?xml version="1.0" encoding="UTF-8"?>
<!-- Generated by org.testng.reporters.JUnitXMLReporter -->
<testsuite hostname="LAPTOP-2JQA28IF" ignored="0" name="Test" tests="4" failures="0" timestamp="2022-04-13T00:34:23 IST" time="11.98" errors="0">
  <testcase name="verifyLoginFunctionality" time="0.366" classname="com.sauceDemo.TestClasses.TC01LoginFunctionality"/>
  <testcase name="verifyLogoutFunctionality" time="0.325" classname="com.sauceDemo.TestClasses.TC03LogoutFunctionality"/>
  <testcase name="verifyAddToCartFunctionality" time="0.153" classname="com.sauceDemo.TestClasses.TC02AddToCartFunctinalitySingleProduct"/>
  <testcase name="verifyAddToCartfunctionalityMultipleProduct" time="0.878" classname="com.sauceDemo.TestClasses.TC04AddToCartFunctionalityMultipleProduct"/>
</testsuite> <!-- Test -->
