<?xml version="1.0" encoding="UTF-8"?>
<testng-results skipped="0" failed="0" ignored="0" total="1" passed="1">
  <reporter-output>
  </reporter-output>
  <suite name="Default suite" duration-ms="55" started-at="2022-04-07T11:29:58 IST" finished-at="2022-04-07T11:29:58 IST">
    <groups>
    </groups>
    <test name="Default test" duration-ms="55" started-at="2022-04-07T11:29:58 IST" finished-at="2022-04-07T11:29:58 IST">
      <class name="com.kite.POMClasses.TestNG">
        <test-method status="PASS" signature="method1()[pri:0, instance:com.kite.POMClasses.TestNG@7a3d45bd]" name="method1" duration-ms="14" started-at="2022-04-07T11:29:58 IST" finished-at="2022-04-07T11:29:58 IST">
          <reporter-output>
          </reporter-output>
        </test-method> <!-- method1 -->
      </class> <!-- com.kite.POMClasses.TestNG -->
    </test> <!-- Default test -->
  </suite> <!-- Default suite -->
</testng-results>
